{"D:\\sample\\betterAngelBookStore\\src\\pages\\Detail\\hooks.ts": {"path":"D:\\sample\\betterAngelBookStore\\src\\pages\\Detail\\hooks.ts","statementMap":{"0":{"start":{"line":5,"column":28},"end":{"line":14,"column":1}},"1":{"start":{"line":6,"column":2},"end":{"line":13,"column":4}},"2":{"start":{"line":9,"column":23},"end":{"line":9,"column":42}},"3":{"start":{"line":10,"column":6},"end":{"line":10,"column":26}}},"fnMap":{"0":{"name":"(anonymous_0)","decl":{"start":{"line":5,"column":28},"end":{"line":5,"column":29}},"loc":{"start":{"line":5,"column":56},"end":{"line":14,"column":1}},"line":5},"1":{"name":"(anonymous_1)","decl":{"start":{"line":8,"column":4},"end":{"line":8,"column":5}},"loc":{"start":{"line":8,"column":16},"end":{"line":11,"column":5}},"line":8}},"branchMap":{},"s":{"0":1,"1":0,"2":0,"3":0},"f":{"0":0,"1":0},"b":{},"_coverageSchema":"1a1c01bbd47fc00a2c39e90264f33305004495a9","hash":"ba9dbdd09f1f0f074e8edb25fa7f6163c70de57f"}
,"D:\\sample\\betterAngelBookStore\\src\\pages\\Detail\\index.tsx": {"path":"D:\\sample\\betterAngelBookStore\\src\\pages\\Detail\\index.tsx","statementMap":{"0":{"start":{"line":15,"column":2},"end":{"line":17,"column":84}},"1":{"start":{"line":19,"column":19},"end":{"line":155,"column":1}},"2":{"start":{"line":20,"column":17},"end":{"line":20,"column":28}},"3":{"start":{"line":21,"column":19},"end":{"line":21,"column":32}},"4":{"start":{"line":22,"column":44},"end":{"line":22,"column":60}},"5":{"start":{"line":23,"column":46},"end":{"line":23,"column":65}},"6":{"start":{"line":25,"column":52},"end":{"line":25,"column":68}},"7":{"start":{"line":26,"column":25},"end":{"line":32,"column":24}},"8":{"start":{"line":27,"column":4},"end":{"line":31,"column":5}},"9":{"start":{"line":28,"column":6},"end":{"line":30,"column":8}},"10":{"start":{"line":29,"column":26},"end":{"line":29,"column":59}},"11":{"start":{"line":34,"column":2},"end":{"line":36,"column":3}},"12":{"start":{"line":35,"column":4},"end":{"line":35,"column":22}},"13":{"start":{"line":38,"column":2},"end":{"line":53,"column":3}},"14":{"start":{"line":39,"column":4},"end":{"line":52,"column":6}},"15":{"start":{"line":55,"column":24},"end":{"line":60,"column":3}},"16":{"start":{"line":56,"column":4},"end":{"line":59,"column":5}},"17":{"start":{"line":57,"column":6},"end":{"line":57,"column":58}},"18":{"start":{"line":57,"column":32},"end":{"line":57,"column":56}},"19":{"start":{"line":58,"column":6},"end":{"line":58,"column":30}},"20":{"start":{"line":62,"column":48},"end":{"line":62,"column":61}},"21":{"start":{"line":64,"column":2},"end":{"line":154,"column":4}},"22":{"start":{"line":69,"column":10},"end":{"line":69,"column":24}},"23":{"start":{"line":141,"column":27},"end":{"line":141,"column":44}},"24":{"start":{"line":149,"column":27},"end":{"line":149,"column":51}}},"fnMap":{"0":{"name":"(anonymous_0)","decl":{"start":{"line":19,"column":19},"end":{"line":19,"column":20}},"loc":{"start":{"line":19,"column":25},"end":{"line":155,"column":1}},"line":19},"1":{"name":"(anonymous_1)","decl":{"start":{"line":26,"column":33},"end":{"line":26,"column":34}},"loc":{"start":{"line":26,"column":39},"end":{"line":32,"column":3}},"line":26},"2":{"name":"(anonymous_2)","decl":{"start":{"line":29,"column":8},"end":{"line":29,"column":9}},"loc":{"start":{"line":29,"column":26},"end":{"line":29,"column":59}},"line":29},"3":{"name":"(anonymous_3)","decl":{"start":{"line":55,"column":24},"end":{"line":55,"column":25}},"loc":{"start":{"line":55,"column":52},"end":{"line":60,"column":3}},"line":55},"4":{"name":"(anonymous_4)","decl":{"start":{"line":57,"column":22},"end":{"line":57,"column":23}},"loc":{"start":{"line":57,"column":32},"end":{"line":57,"column":56}},"line":57},"5":{"name":"(anonymous_5)","decl":{"start":{"line":68,"column":17},"end":{"line":68,"column":18}},"loc":{"start":{"line":68,"column":23},"end":{"line":70,"column":9}},"line":68},"6":{"name":"(anonymous_6)","decl":{"start":{"line":141,"column":21},"end":{"line":141,"column":22}},"loc":{"start":{"line":141,"column":27},"end":{"line":141,"column":44}},"line":141},"7":{"name":"(anonymous_7)","decl":{"start":{"line":149,"column":21},"end":{"line":149,"column":22}},"loc":{"start":{"line":149,"column":27},"end":{"line":149,"column":51}},"line":149}},"branchMap":{"0":{"loc":{"start":{"line":27,"column":4},"end":{"line":31,"column":5}},"type":"if","locations":[{"start":{"line":27,"column":4},"end":{"line":31,"column":5}},{"start":{},"end":{}}],"line":27},"1":{"loc":{"start":{"line":34,"column":2},"end":{"line":36,"column":3}},"type":"if","locations":[{"start":{"line":34,"column":2},"end":{"line":36,"column":3}},{"start":{},"end":{}}],"line":34},"2":{"loc":{"start":{"line":38,"column":2},"end":{"line":53,"column":3}},"type":"if","locations":[{"start":{"line":38,"column":2},"end":{"line":53,"column":3}},{"start":{},"end":{}}],"line":38},"3":{"loc":{"start":{"line":56,"column":4},"end":{"line":59,"column":5}},"type":"if","locations":[{"start":{"line":56,"column":4},"end":{"line":59,"column":5}},{"start":{},"end":{}}],"line":56},"4":{"loc":{"start":{"line":133,"column":9},"end":{"line":145,"column":9}},"type":"cond-expr","locations":[{"start":{"line":134,"column":10},"end":{"line":136,"column":16}},{"start":{"line":138,"column":10},"end":{"line":144,"column":16}}],"line":133}},"s":{"0":1,"1":1,"2":3,"3":3,"4":3,"5":3,"6":3,"7":3,"8":3,"9":0,"10":0,"11":3,"12":1,"13":2,"14":1,"15":1,"16":0,"17":0,"18":0,"19":0,"20":1,"21":1,"22":0,"23":0,"24":0},"f":{"0":3,"1":3,"2":0,"3":0,"4":0,"5":0,"6":0,"7":0},"b":{"0":[0,3],"1":[1,2],"2":[1,1],"3":[0,0],"4":[0,1]},"_coverageSchema":"1a1c01bbd47fc00a2c39e90264f33305004495a9","hash":"92e07601cc022299e9c722e6d7712cde28d32cea"}
,"D:\\sample\\betterAngelBookStore\\src\\pages\\Home\\hooks.ts": {"path":"D:\\sample\\betterAngelBookStore\\src\\pages\\Home\\hooks.ts","statementMap":{"0":{"start":{"line":6,"column":33},"end":{"line":17,"column":1}},"1":{"start":{"line":7,"column":2},"end":{"line":16,"column":4}},"2":{"start":{"line":12,"column":10},"end":{"line":12,"column":32}},"3":{"start":{"line":13,"column":6},"end":{"line":13,"column":21}},"4":{"start":{"line":19,"column":29},"end":{"line":38,"column":1}},"5":{"start":{"line":20,"column":18},"end":{"line":20,"column":48}},"6":{"start":{"line":21,"column":2},"end":{"line":37,"column":4}},"7":{"start":{"line":24,"column":23},"end":{"line":24,"column":48}},"8":{"start":{"line":25,"column":6},"end":{"line":25,"column":18}},"9":{"start":{"line":30,"column":24},"end":{"line":33,"column":11}},"10":{"start":{"line":30,"column":58},"end":{"line":33,"column":9}},"11":{"start":{"line":34,"column":8},"end":{"line":34,"column":46}}},"fnMap":{"0":{"name":"(anonymous_0)","decl":{"start":{"line":6,"column":33},"end":{"line":6,"column":34}},"loc":{"start":{"line":6,"column":39},"end":{"line":17,"column":1}},"line":6},"1":{"name":"(anonymous_1)","decl":{"start":{"line":9,"column":4},"end":{"line":9,"column":5}},"loc":{"start":{"line":9,"column":16},"end":{"line":14,"column":5}},"line":9},"2":{"name":"(anonymous_2)","decl":{"start":{"line":19,"column":29},"end":{"line":19,"column":30}},"loc":{"start":{"line":19,"column":53},"end":{"line":38,"column":1}},"line":19},"3":{"name":"(anonymous_3)","decl":{"start":{"line":23,"column":4},"end":{"line":23,"column":5}},"loc":{"start":{"line":23,"column":16},"end":{"line":26,"column":5}},"line":23},"4":{"name":"(anonymous_4)","decl":{"start":{"line":29,"column":14},"end":{"line":29,"column":15}},"loc":{"start":{"line":29,"column":24},"end":{"line":35,"column":7}},"line":29},"5":{"name":"(anonymous_5)","decl":{"start":{"line":30,"column":41},"end":{"line":30,"column":42}},"loc":{"start":{"line":30,"column":58},"end":{"line":33,"column":9}},"line":30}},"branchMap":{},"s":{"0":1,"1":0,"2":0,"3":0,"4":1,"5":0,"6":0,"7":0,"8":0,"9":0,"10":0,"11":0},"f":{"0":0,"1":0,"2":0,"3":0,"4":0,"5":0},"b":{},"_coverageSchema":"1a1c01bbd47fc00a2c39e90264f33305004495a9","hash":"50a40811b259304f9b9ed3fe926fbbbc9675e95e"}
,"D:\\sample\\betterAngelBookStore\\src\\pages\\Home\\index.tsx": {"path":"D:\\sample\\betterAngelBookStore\\src\\pages\\Home\\index.tsx","statementMap":{"0":{"start":{"line":16,"column":13},"end":{"line":117,"column":1}},"1":{"start":{"line":17,"column":38},"end":{"line":17,"column":50}},"2":{"start":{"line":18,"column":25},"end":{"line":18,"column":48}},"3":{"start":{"line":20,"column":49},"end":{"line":20,"column":68}},"4":{"start":{"line":22,"column":4},"end":{"line":22,"column":33}},"5":{"start":{"line":23,"column":19},"end":{"line":23,"column":32}},"6":{"start":{"line":25,"column":25},"end":{"line":27,"column":3}},"7":{"start":{"line":26,"column":4},"end":{"line":26,"column":27}},"8":{"start":{"line":30,"column":24},"end":{"line":33,"column":17}},"9":{"start":{"line":31,"column":4},"end":{"line":31,"column":30}},"10":{"start":{"line":31,"column":20},"end":{"line":31,"column":30}},"11":{"start":{"line":32,"column":4},"end":{"line":32,"column":34}},"12":{"start":{"line":35,"column":24},"end":{"line":38,"column":17}},"13":{"start":{"line":36,"column":4},"end":{"line":36,"column":30}},"14":{"start":{"line":36,"column":20},"end":{"line":36,"column":30}},"15":{"start":{"line":37,"column":4},"end":{"line":37,"column":35}},"16":{"start":{"line":40,"column":25},"end":{"line":43,"column":17}},"17":{"start":{"line":41,"column":4},"end":{"line":41,"column":30}},"18":{"start":{"line":41,"column":20},"end":{"line":41,"column":30}},"19":{"start":{"line":42,"column":4},"end":{"line":42,"column":35}},"20":{"start":{"line":45,"column":2},"end":{"line":47,"column":3}},"21":{"start":{"line":46,"column":4},"end":{"line":46,"column":22}},"22":{"start":{"line":48,"column":2},"end":{"line":62,"column":3}},"23":{"start":{"line":49,"column":4},"end":{"line":61,"column":6}},"24":{"start":{"line":64,"column":2},"end":{"line":116,"column":4}},"25":{"start":{"line":72,"column":50},"end":{"line":72,"column":63}},"26":{"start":{"line":74,"column":40},"end":{"line":74,"column":68}},"27":{"start":{"line":76,"column":12},"end":{"line":81,"column":14}},"28":{"start":{"line":79,"column":31},"end":{"line":79,"column":60}}},"fnMap":{"0":{"name":"(anonymous_0)","decl":{"start":{"line":16,"column":13},"end":{"line":16,"column":14}},"loc":{"start":{"line":16,"column":19},"end":{"line":117,"column":1}},"line":16},"1":{"name":"(anonymous_1)","decl":{"start":{"line":25,"column":25},"end":{"line":25,"column":26}},"loc":{"start":{"line":25,"column":41},"end":{"line":27,"column":3}},"line":25},"2":{"name":"(anonymous_2)","decl":{"start":{"line":30,"column":32},"end":{"line":30,"column":33}},"loc":{"start":{"line":30,"column":38},"end":{"line":33,"column":3}},"line":30},"3":{"name":"(anonymous_3)","decl":{"start":{"line":35,"column":32},"end":{"line":35,"column":33}},"loc":{"start":{"line":35,"column":38},"end":{"line":38,"column":3}},"line":35},"4":{"name":"(anonymous_4)","decl":{"start":{"line":40,"column":33},"end":{"line":40,"column":34}},"loc":{"start":{"line":40,"column":39},"end":{"line":43,"column":3}},"line":40},"5":{"name":"(anonymous_5)","decl":{"start":{"line":72,"column":26},"end":{"line":72,"column":27}},"loc":{"start":{"line":72,"column":50},"end":{"line":72,"column":63}},"line":72},"6":{"name":"(anonymous_6)","decl":{"start":{"line":74,"column":20},"end":{"line":74,"column":21}},"loc":{"start":{"line":74,"column":40},"end":{"line":74,"column":68}},"line":74},"7":{"name":"(anonymous_7)","decl":{"start":{"line":75,"column":23},"end":{"line":75,"column":24}},"loc":{"start":{"line":76,"column":12},"end":{"line":81,"column":14}},"line":76},"8":{"name":"(anonymous_8)","decl":{"start":{"line":79,"column":24},"end":{"line":79,"column":25}},"loc":{"start":{"line":79,"column":31},"end":{"line":79,"column":60}},"line":79}},"branchMap":{"0":{"loc":{"start":{"line":31,"column":4},"end":{"line":31,"column":30}},"type":"if","locations":[{"start":{"line":31,"column":4},"end":{"line":31,"column":30}},{"start":{},"end":{}}],"line":31},"1":{"loc":{"start":{"line":36,"column":4},"end":{"line":36,"column":30}},"type":"if","locations":[{"start":{"line":36,"column":4},"end":{"line":36,"column":30}},{"start":{},"end":{}}],"line":36},"2":{"loc":{"start":{"line":41,"column":4},"end":{"line":41,"column":30}},"type":"if","locations":[{"start":{"line":41,"column":4},"end":{"line":41,"column":30}},{"start":{},"end":{}}],"line":41},"3":{"loc":{"start":{"line":45,"column":2},"end":{"line":47,"column":3}},"type":"if","locations":[{"start":{"line":45,"column":2},"end":{"line":47,"column":3}},{"start":{},"end":{}}],"line":45},"4":{"loc":{"start":{"line":48,"column":2},"end":{"line":62,"column":3}},"type":"if","locations":[{"start":{"line":48,"column":2},"end":{"line":62,"column":3}},{"start":{},"end":{}}],"line":48},"5":{"loc":{"start":{"line":71,"column":19},"end":{"line":71,"column":46}},"type":"binary-expr","locations":[{"start":{"line":71,"column":19},"end":{"line":71,"column":40}},{"start":{"line":71,"column":44},"end":{"line":71,"column":46}}],"line":71}},"s":{"0":1,"1":3,"2":3,"3":3,"4":3,"5":3,"6":3,"7":0,"8":3,"9":3,"10":0,"11":3,"12":3,"13":3,"14":0,"15":3,"16":3,"17":3,"18":0,"19":3,"20":3,"21":1,"22":2,"23":0,"24":2,"25":0,"26":0,"27":4,"28":0},"f":{"0":3,"1":0,"2":3,"3":3,"4":3,"5":0,"6":0,"7":4,"8":0},"b":{"0":[0,3],"1":[0,3],"2":[0,3],"3":[1,2],"4":[0,2],"5":[2,2]},"_coverageSchema":"1a1c01bbd47fc00a2c39e90264f33305004495a9","hash":"f3a4d8ab5cf309d7fea5cee25804115857ea347c"}
,"D:\\sample\\betterAngelBookStore\\src\\pages\\Reservation\\index.tsx": {"path":"D:\\sample\\betterAngelBookStore\\src\\pages\\Reservation\\index.tsx","statementMap":{"0":{"start":{"line":9,"column":24},"end":{"line":59,"column":1}},"1":{"start":{"line":10,"column":44},"end":{"line":10,"column":60}},"2":{"start":{"line":11,"column":46},"end":{"line":11,"column":70}},"3":{"start":{"line":17,"column":4},"end":{"line":17,"column":24}},"4":{"start":{"line":18,"column":4},"end":{"line":18,"column":79}},"5":{"start":{"line":18,"column":30},"end":{"line":18,"column":77}},"6":{"start":{"line":18,"column":58},"end":{"line":18,"column":76}},"7":{"start":{"line":19,"column":4},"end":{"line":19,"column":28}},"8":{"start":{"line":21,"column":2},"end":{"line":58,"column":4}},"9":{"start":{"line":39,"column":12},"end":{"line":47,"column":14}},"10":{"start":{"line":52,"column":29},"end":{"line":52,"column":53}}},"fnMap":{"0":{"name":"(anonymous_0)","decl":{"start":{"line":9,"column":24},"end":{"line":9,"column":25}},"loc":{"start":{"line":9,"column":30},"end":{"line":59,"column":1}},"line":9},"1":{"name":"handleCancelReservation","decl":{"start":{"line":13,"column":11},"end":{"line":13,"column":34}},"loc":{"start":{"line":16,"column":4},"end":{"line":20,"column":3}},"line":16},"2":{"name":"(anonymous_2)","decl":{"start":{"line":18,"column":20},"end":{"line":18,"column":21}},"loc":{"start":{"line":18,"column":30},"end":{"line":18,"column":77}},"line":18},"3":{"name":"(anonymous_3)","decl":{"start":{"line":18,"column":42},"end":{"line":18,"column":43}},"loc":{"start":{"line":18,"column":58},"end":{"line":18,"column":76}},"line":18},"4":{"name":"(anonymous_4)","decl":{"start":{"line":38,"column":27},"end":{"line":38,"column":28}},"loc":{"start":{"line":39,"column":12},"end":{"line":47,"column":14}},"line":39},"5":{"name":"(anonymous_5)","decl":{"start":{"line":52,"column":23},"end":{"line":52,"column":24}},"loc":{"start":{"line":52,"column":29},"end":{"line":52,"column":53}},"line":52}},"branchMap":{"0":{"loc":{"start":{"line":33,"column":9},"end":{"line":49,"column":9}},"type":"cond-expr","locations":[{"start":{"line":34,"column":10},"end":{"line":36,"column":23}},{"start":{"line":38,"column":10},"end":{"line":48,"column":12}}],"line":33}},"s":{"0":1,"1":2,"2":2,"3":0,"4":0,"5":0,"6":0,"7":0,"8":2,"9":4,"10":0},"f":{"0":2,"1":0,"2":0,"3":0,"4":4,"5":0},"b":{"0":[1,1]},"_coverageSchema":"1a1c01bbd47fc00a2c39e90264f33305004495a9","hash":"f6554198d0adee775b6902cef72c07d9792cd53e"}
,"D:\\sample\\betterAngelBookStore\\src\\test-utils\\fixtures.js": {"path":"D:\\sample\\betterAngelBookStore\\src\\test-utils\\fixtures.js","statementMap":{"0":{"start":{"line":1,"column":29},"end":{"line":1334,"column":1}},"1":{"start":{"line":1336,"column":30},"end":{"line":1378,"column":1}},"2":{"start":{"line":1380,"column":39},"end":{"line":1545,"column":1}}},"fnMap":{},"branchMap":{},"s":{"0":3,"1":3,"2":3},"f":{},"b":{},"_coverageSchema":"1a1c01bbd47fc00a2c39e90264f33305004495a9","hash":"2347d906355d65ac31080d4f9378b0de59befcb2"}
,"D:\\sample\\betterAngelBookStore\\src\\test-utils\\index.jsx": {"path":"D:\\sample\\betterAngelBookStore\\src\\test-utils\\index.jsx","statementMap":{"0":{"start":{"line":11,"column":2},"end":{"line":25,"column":3}},"1":{"start":{"line":12,"column":2},"end":{"line":25,"column":3}},"2":{"start":{"line":13,"column":24},"end":{"line":13,"column":41}},"3":{"start":{"line":14,"column":4},"end":{"line":24,"column":6}},"4":{"start":{"line":27,"column":21},"end":{"line":36,"column":1}},"5":{"start":{"line":32,"column":18},"end":{"line":32,"column":49}},"6":{"start":{"line":33,"column":2},"end":{"line":35,"column":4}}},"fnMap":{"0":{"name":"(anonymous_0)","decl":{"start":{"line":11,"column":2},"end":{"line":11,"column":3}},"loc":{"start":{"line":12,"column":2},"end":{"line":25,"column":3}},"line":12},"1":{"name":"(anonymous_1)","decl":{"start":{"line":12,"column":2},"end":{"line":12,"column":3}},"loc":{"start":{"line":12,"column":20},"end":{"line":25,"column":3}},"line":12},"2":{"name":"(anonymous_2)","decl":{"start":{"line":27,"column":21},"end":{"line":27,"column":22}},"loc":{"start":{"line":31,"column":5},"end":{"line":36,"column":1}},"line":31}},"branchMap":{"0":{"loc":{"start":{"line":29,"column":2},"end":{"line":29,"column":55}},"type":"default-arg","locations":[{"start":{"line":29,"column":53},"end":{"line":29,"column":55}}],"line":29},"1":{"loc":{"start":{"line":29,"column":4},"end":{"line":29,"column":48}},"type":"default-arg","locations":[{"start":{"line":29,"column":25},"end":{"line":29,"column":48}}],"line":29}},"s":{"0":3,"1":8,"2":8,"3":8,"4":3,"5":8,"6":8},"f":{"0":8,"1":8,"2":8},"b":{"0":[7],"1":[7]},"_coverageSchema":"1a1c01bbd47fc00a2c39e90264f33305004495a9","hash":"6d4226036ac8d27775b867c29565bea53ca5ac49"}
}
