TN:
SF:src\pages\Detail\hooks.ts
FN:5,(anonymous_0)
FN:8,(anonymous_1)
FNF:2
FNH:0
FNDA:0,(anonymous_0)
FNDA:0,(anonymous_1)
DA:5,1
DA:6,0
DA:9,0
DA:10,0
LF:4
LH:1
BRF:0
BRH:0
end_of_record
TN:
SF:src\pages\Detail\index.tsx
FN:19,(anonymous_0)
FN:26,(anonymous_1)
FN:29,(anonymous_2)
FN:55,(anonymous_3)
FN:57,(anonymous_4)
FN:68,(anonymous_5)
FN:141,(anonymous_6)
FN:149,(anonymous_7)
FNF:8
FNH:2
FNDA:3,(anonymous_0)
FNDA:3,(anonymous_1)
FNDA:0,(anonymous_2)
FNDA:0,(anonymous_3)
FNDA:0,(anonymous_4)
FNDA:0,(anonymous_5)
FNDA:0,(anonymous_6)
FNDA:0,(anonymous_7)
DA:15,1
DA:19,1
DA:20,3
DA:21,3
DA:22,3
DA:23,3
DA:25,3
DA:26,3
DA:27,3
DA:28,0
DA:29,0
DA:34,3
DA:35,1
DA:38,2
DA:39,1
DA:55,1
DA:56,0
DA:57,0
DA:58,0
DA:62,1
DA:64,1
DA:69,0
DA:141,0
DA:149,0
LF:24
LH:16
BRDA:27,0,0,0
BRDA:27,0,1,3
BRDA:34,1,0,1
BRDA:34,1,1,2
BRDA:38,2,0,1
BRDA:38,2,1,1
BRDA:56,3,0,0
BRDA:56,3,1,0
BRDA:133,4,0,0
BRDA:133,4,1,1
BRF:10
BRH:6
end_of_record
TN:
SF:src\pages\Home\hooks.ts
FN:6,(anonymous_0)
FN:9,(anonymous_1)
FN:19,(anonymous_2)
FN:23,(anonymous_3)
FN:29,(anonymous_4)
FN:30,(anonymous_5)
FNF:6
FNH:0
FNDA:0,(anonymous_0)
FNDA:0,(anonymous_1)
FNDA:0,(anonymous_2)
FNDA:0,(anonymous_3)
FNDA:0,(anonymous_4)
FNDA:0,(anonymous_5)
DA:6,1
DA:7,0
DA:12,0
DA:13,0
DA:19,1
DA:20,0
DA:21,0
DA:24,0
DA:25,0
DA:30,0
DA:34,0
LF:11
LH:2
BRF:0
BRH:0
end_of_record
TN:
SF:src\pages\Home\index.tsx
FN:16,(anonymous_0)
FN:25,(anonymous_1)
FN:30,(anonymous_2)
FN:35,(anonymous_3)
FN:40,(anonymous_4)
FN:72,(anonymous_5)
FN:74,(anonymous_6)
FN:75,(anonymous_7)
FN:79,(anonymous_8)
FNF:9
FNH:5
FNDA:3,(anonymous_0)
FNDA:0,(anonymous_1)
FNDA:3,(anonymous_2)
FNDA:3,(anonymous_3)
FNDA:3,(anonymous_4)
FNDA:0,(anonymous_5)
FNDA:0,(anonymous_6)
FNDA:4,(anonymous_7)
FNDA:0,(anonymous_8)
DA:16,1
DA:17,3
DA:18,3
DA:20,3
DA:22,3
DA:23,3
DA:25,3
DA:26,0
DA:30,3
DA:31,3
DA:32,3
DA:35,3
DA:36,3
DA:37,3
DA:40,3
DA:41,3
DA:42,3
DA:45,3
DA:46,1
DA:48,2
DA:49,0
DA:64,2
DA:72,0
DA:74,0
DA:76,4
DA:79,0
LF:26
LH:21
BRDA:31,0,0,0
BRDA:31,0,1,3
BRDA:36,1,0,0
BRDA:36,1,1,3
BRDA:41,2,0,0
BRDA:41,2,1,3
BRDA:45,3,0,1
BRDA:45,3,1,2
BRDA:48,4,0,0
BRDA:48,4,1,2
BRDA:71,5,0,2
BRDA:71,5,1,2
BRF:12
BRH:8
end_of_record
TN:
SF:src\pages\Reservation\index.tsx
FN:9,(anonymous_0)
FN:13,handleCancelReservation
FN:18,(anonymous_2)
FN:18,(anonymous_3)
FN:38,(anonymous_4)
FN:52,(anonymous_5)
FNF:6
FNH:2
FNDA:2,(anonymous_0)
FNDA:0,handleCancelReservation
FNDA:0,(anonymous_2)
FNDA:0,(anonymous_3)
FNDA:4,(anonymous_4)
FNDA:0,(anonymous_5)
DA:9,1
DA:10,2
DA:11,2
DA:17,0
DA:18,0
DA:19,0
DA:21,2
DA:39,4
DA:52,0
LF:9
LH:5
BRDA:33,0,0,1
BRDA:33,0,1,1
BRF:2
BRH:2
end_of_record
TN:
SF:src\test-utils\fixtures.js
FNF:0
FNH:0
DA:1,3
DA:1336,3
DA:1380,3
LF:3
LH:3
BRF:0
BRH:0
end_of_record
TN:
SF:src\test-utils\index.jsx
FN:11,(anonymous_0)
FN:12,(anonymous_1)
FN:27,(anonymous_2)
FNF:3
FNH:3
FNDA:8,(anonymous_0)
FNDA:8,(anonymous_1)
FNDA:8,(anonymous_2)
DA:11,3
DA:12,8
DA:13,8
DA:14,8
DA:27,3
DA:32,8
DA:33,8
LF:7
LH:7
BRDA:29,0,0,7
BRDA:29,1,0,7
BRF:2
BRH:2
end_of_record
